2023-08-29T06:38:06+00:00 CRITICAL Allowed memory size of 134217728 bytes exhausted (tried to allocate 32768 bytes) in /home/hyprojec/makalink.com/wp-content/themes/vikinger/template-part/header/header-logged-in.php on line 195

2023-08-29T07:02:36+00:00 CRITICAL Allowed memory size of 134217728 bytes exhausted (tried to allocate 32768 bytes) in /home/hyprojec/makalink.com/wp-content/themes/vikinger/template-part/header/header-logged-in.php on line 195

2023-08-29T07:04:14+00:00 CRITICAL Allowed memory size of 134217728 bytes exhausted (tried to allocate 28672 bytes) in /home/hyprojec/makalink.com/wp-includes/template.php on line 787

2023-08-29T07:04:18+00:00 CRITICAL Allowed memory size of 134217728 bytes exhausted (tried to allocate 98304 bytes) in /home/hyprojec/makalink.com/wp-content/themes/vikinger/template-part/navigation/dropdown-navigation-section.php on line 24

2023-08-29T07:05:51+00:00 CRITICAL Allowed memory size of 134217728 bytes exhausted (tried to allocate 98304 bytes) in /home/hyprojec/makalink.com/wp-content/themes/vikinger/template-part/navigation/dropdown-navigation-section.php on line 24

2023-08-29T07:05:52+00:00 CRITICAL Allowed memory size of 134217728 bytes exhausted (tried to allocate 98304 bytes) in /home/hyprojec/makalink.com/wp-content/themes/vikinger/template-part/navigation/dropdown-navigation-section.php on line 24

2023-08-29T07:05:54+00:00 CRITICAL Allowed memory size of 134217728 bytes exhausted (tried to allocate 98304 bytes) in /home/hyprojec/makalink.com/wp-content/themes/vikinger/template-part/navigation/dropdown-navigation-section.php on line 24

2023-08-29T07:06:14+00:00 CRITICAL Allowed memory size of 134217728 bytes exhausted (tried to allocate 98304 bytes) in /home/hyprojec/makalink.com/wp-content/themes/vikinger/template-part/navigation/dropdown-navigation-section.php on line 24

2023-08-29T07:06:24+00:00 CRITICAL Allowed memory size of 134217728 bytes exhausted (tried to allocate 98304 bytes) in /home/hyprojec/makalink.com/wp-content/themes/vikinger/template-part/navigation/dropdown-navigation-section.php on line 24

2023-08-29T07:06:41+00:00 CRITICAL Allowed memory size of 134217728 bytes exhausted (tried to allocate 98304 bytes) in /home/hyprojec/makalink.com/wp-content/themes/vikinger/template-part/navigation/dropdown-navigation-section.php on line 24

2023-08-29T07:06:44+00:00 CRITICAL Allowed memory size of 134217728 bytes exhausted (tried to allocate 32768 bytes) in /home/hyprojec/makalink.com/wp-content/plugins/buddypress/bp-messages/classes/class-bp-messages-thread.php on line 1021

2023-08-29T07:06:50+00:00 CRITICAL Allowed memory size of 134217728 bytes exhausted (tried to allocate 98304 bytes) in /home/hyprojec/makalink.com/wp-content/themes/vikinger/template-part/navigation/dropdown-navigation-section.php on line 24

2023-08-29T07:07:02+00:00 CRITICAL Allowed memory size of 134217728 bytes exhausted (tried to allocate 32768 bytes) in /home/hyprojec/makalink.com/wp-content/plugins/buddypress/bp-messages/classes/class-bp-messages-thread.php on line 1021

2023-08-29T07:07:05+00:00 CRITICAL Allowed memory size of 134217728 bytes exhausted (tried to allocate 98304 bytes) in /home/hyprojec/makalink.com/wp-content/themes/vikinger/template-part/navigation/dropdown-navigation-section.php on line 24

2023-08-29T07:07:16+00:00 CRITICAL Allowed memory size of 134217728 bytes exhausted (tried to allocate 98304 bytes) in /home/hyprojec/makalink.com/wp-content/themes/vikinger/template-part/navigation/dropdown-navigation-section.php on line 24

2023-08-29T07:07:37+00:00 CRITICAL Allowed memory size of 134217728 bytes exhausted (tried to allocate 20480 bytes) in /home/hyprojec/makalink.com/wp-content/plugins/buddypress/bp-notifications/classes/class-bp-notifications-notification.php on line 475

2023-08-29T07:07:38+00:00 CRITICAL Allowed memory size of 134217728 bytes exhausted (tried to allocate 32768 bytes) in /home/hyprojec/makalink.com/wp-content/themes/vikinger/template-part/header/header-logged-in.php on line 195

2023-08-29T07:21:16+00:00 CRITICAL Allowed memory size of 134217728 bytes exhausted (tried to allocate 32768 bytes) in /home/hyprojec/makalink.com/wp-content/plugins/buddypress/bp-messages/classes/class-bp-messages-thread.php on line 1

2023-08-29T07:21:18+00:00 CRITICAL Allowed memory size of 134217728 bytes exhausted (tried to allocate 32768 bytes) in /home/hyprojec/makalink.com/wp-content/plugins/buddypress/bp-notifications/classes/class-bp-notifications-notification.php on line 945

2023-08-29T07:21:24+00:00 CRITICAL Allowed memory size of 134217728 bytes exhausted (tried to allocate 32768 bytes) in /home/hyprojec/makalink.com/wp-content/plugins/buddypress/bp-messages/classes/class-bp-messages-thread.php on line 1021

2023-08-29T07:21:47+00:00 CRITICAL Allowed memory size of 134217728 bytes exhausted (tried to allocate 32768 bytes) in /home/hyprojec/makalink.com/wp-content/plugins/buddypress/bp-messages/classes/class-bp-messages-thread.php on line 578

2023-08-29T07:21:54+00:00 CRITICAL Allowed memory size of 134217728 bytes exhausted (tried to allocate 32768 bytes) in /home/hyprojec/makalink.com/wp-content/plugins/buddypress/bp-messages/classes/class-bp-messages-thread.php on line 1021

2023-08-29T07:21:58+00:00 CRITICAL Allowed memory size of 134217728 bytes exhausted (tried to allocate 32768 bytes) in /home/hyprojec/makalink.com/wp-content/plugins/buddypress/bp-messages/classes/class-bp-messages-thread.php on line 1

2023-08-29T07:22:03+00:00 CRITICAL Allowed memory size of 134217728 bytes exhausted (tried to allocate 32768 bytes) in /home/hyprojec/makalink.com/wp-content/plugins/buddypress/bp-messages/classes/class-bp-messages-thread.php on line 1

2023-08-29T07:22:06+00:00 CRITICAL Allowed memory size of 134217728 bytes exhausted (tried to allocate 32768 bytes) in /home/hyprojec/makalink.com/wp-content/plugins/buddypress/bp-messages/classes/class-bp-messages-thread.php on line 1

2023-08-29T07:22:20+00:00 CRITICAL Allowed memory size of 134217728 bytes exhausted (tried to allocate 32768 bytes) in /home/hyprojec/makalink.com/wp-content/plugins/buddypress/bp-messages/classes/class-bp-messages-thread.php on line 1

2023-08-29T07:28:11+00:00 CRITICAL Allowed memory size of 134217728 bytes exhausted (tried to allocate 32768 bytes) in /home/hyprojec/makalink.com/wp-content/themes/vikinger/template-part/header/header-logged-in.php on line 195

2023-08-29T07:29:17+00:00 CRITICAL Allowed memory size of 134217728 bytes exhausted (tried to allocate 32768 bytes) in /home/hyprojec/makalink.com/wp-content/plugins/buddypress/bp-messages/classes/class-bp-messages-thread.php on line 578

2023-08-29T07:29:21+00:00 CRITICAL Allowed memory size of 134217728 bytes exhausted (tried to allocate 32768 bytes) in /home/hyprojec/makalink.com/wp-content/plugins/buddypress/bp-messages/classes/class-bp-messages-thread.php on line 578

2023-08-29T07:29:25+00:00 CRITICAL Allowed memory size of 134217728 bytes exhausted (tried to allocate 32768 bytes) in /home/hyprojec/makalink.com/wp-content/plugins/buddypress/bp-messages/classes/class-bp-messages-thread.php on line 578

2023-08-29T07:29:25+00:00 CRITICAL Allowed memory size of 134217728 bytes exhausted (tried to allocate 32768 bytes) in /home/hyprojec/makalink.com/wp-content/plugins/buddypress/bp-messages/classes/class-bp-messages-thread.php on line 1

2023-08-29T07:31:49+00:00 CRITICAL Allowed memory size of 134217728 bytes exhausted (tried to allocate 32768 bytes) in /home/hyprojec/makalink.com/wp-content/plugins/buddypress/bp-messages/classes/class-bp-messages-thread.php on line 1

2023-08-29T07:32:27+00:00 CRITICAL Allowed memory size of 134217728 bytes exhausted (tried to allocate 32768 bytes) in /home/hyprojec/makalink.com/wp-content/plugins/buddypress/bp-messages/classes/class-bp-messages-thread.php on line 1

2023-08-29T07:32:34+00:00 CRITICAL Allowed memory size of 134217728 bytes exhausted (tried to allocate 32768 bytes) in /home/hyprojec/makalink.com/wp-content/plugins/buddypress/bp-messages/classes/class-bp-messages-thread.php on line 1

2023-08-29T07:33:07+00:00 CRITICAL Allowed memory size of 134217728 bytes exhausted (tried to allocate 36864 bytes) in /home/hyprojec/makalink.com/wp-content/themes/vikinger/template-part/header/header-logged-in.php on line 834

2023-08-29T07:33:15+00:00 CRITICAL Allowed memory size of 134217728 bytes exhausted (tried to allocate 32768 bytes) in /home/hyprojec/makalink.com/wp-content/plugins/buddypress/bp-messages/classes/class-bp-messages-thread.php on line 578

2023-08-29T07:33:15+00:00 CRITICAL Allowed memory size of 134217728 bytes exhausted (tried to allocate 32768 bytes) in /home/hyprojec/makalink.com/wp-content/plugins/buddypress/bp-messages/classes/class-bp-messages-thread.php on line 1

2023-08-29T07:33:19+00:00 CRITICAL Allowed memory size of 134217728 bytes exhausted (tried to allocate 98304 bytes) in /home/hyprojec/makalink.com/wp-content/themes/vikinger/template-part/navigation/dropdown-navigation-section.php on line 24

2023-08-29T07:33:21+00:00 CRITICAL Allowed memory size of 134217728 bytes exhausted (tried to allocate 32768 bytes) in /home/hyprojec/makalink.com/wp-content/plugins/buddypress/bp-messages/classes/class-bp-messages-thread.php on line 1

2023-08-29T07:33:22+00:00 CRITICAL Allowed memory size of 134217728 bytes exhausted (tried to allocate 98304 bytes) in /home/hyprojec/makalink.com/wp-content/themes/vikinger/template-part/navigation/dropdown-navigation-section.php on line 24

2023-08-29T07:33:23+00:00 CRITICAL Allowed memory size of 134217728 bytes exhausted (tried to allocate 32768 bytes) in /home/hyprojec/makalink.com/wp-content/plugins/buddypress/bp-messages/classes/class-bp-messages-thread.php on line 1

2023-08-29T07:39:04+00:00 CRITICAL Allowed memory size of 134217728 bytes exhausted (tried to allocate 32768 bytes) in /home/hyprojec/makalink.com/wp-content/themes/vikinger/template-part/header/header-logged-in.php on line 195

2023-08-29T07:39:08+00:00 CRITICAL Allowed memory size of 134217728 bytes exhausted (tried to allocate 32768 bytes) in /home/hyprojec/makalink.com/wp-content/plugins/buddypress/bp-messages/classes/class-bp-messages-thread.php on line 1

2023-08-29T07:39:11+00:00 CRITICAL Allowed memory size of 134217728 bytes exhausted (tried to allocate 32768 bytes) in /home/hyprojec/makalink.com/wp-content/plugins/buddypress/bp-messages/classes/class-bp-messages-thread.php on line 1

2023-08-29T07:39:11+00:00 CRITICAL Allowed memory size of 134217728 bytes exhausted (tried to allocate 32768 bytes) in /home/hyprojec/makalink.com/wp-content/plugins/buddypress/bp-messages/classes/class-bp-messages-thread.php on line 1

2023-08-29T07:39:16+00:00 CRITICAL Allowed memory size of 134217728 bytes exhausted (tried to allocate 32768 bytes) in /home/hyprojec/makalink.com/wp-content/plugins/buddypress/bp-messages/classes/class-bp-messages-thread.php on line 578

2023-08-29T07:39:20+00:00 CRITICAL Allowed memory size of 134217728 bytes exhausted (tried to allocate 32768 bytes) in /home/hyprojec/makalink.com/wp-content/plugins/buddypress/bp-messages/classes/class-bp-messages-thread.php on line 1

2023-08-29T07:39:26+00:00 CRITICAL Allowed memory size of 134217728 bytes exhausted (tried to allocate 32768 bytes) in /home/hyprojec/makalink.com/wp-content/themes/vikinger/template-part/header/header-logged-in.php on line 489

2023-08-29T07:39:29+00:00 CRITICAL Allowed memory size of 134217728 bytes exhausted (tried to allocate 32768 bytes) in /home/hyprojec/makalink.com/wp-content/themes/vikinger/template-part/header/header-logged-in.php on line 489

2023-08-29T07:39:30+00:00 CRITICAL Allowed memory size of 134217728 bytes exhausted (tried to allocate 32768 bytes) in /home/hyprojec/makalink.com/wp-content/plugins/buddypress/bp-messages/classes/class-bp-messages-thread.php on line 1

2023-08-29T07:39:31+00:00 CRITICAL Allowed memory size of 134217728 bytes exhausted (tried to allocate 32768 bytes) in /home/hyprojec/makalink.com/wp-content/plugins/buddypress/bp-messages/classes/class-bp-messages-thread.php on line 1

2023-08-29T08:41:55+00:00 CRITICAL Allowed memory size of 134217728 bytes exhausted (tried to allocate 20480 bytes) in /home/hyprojec/makalink.com/wp-includes/meta.php on line 1194

2023-08-29T08:42:07+00:00 CRITICAL Allowed memory size of 134217728 bytes exhausted (tried to allocate 20480 bytes) in /home/hyprojec/makalink.com/wp-includes/meta.php on line 1194

2023-08-29T10:03:30+00:00 CRITICAL Allowed memory size of 134217728 bytes exhausted (tried to allocate 65536 bytes) in /home/hyprojec/makalink.com/wp-content/plugins/buddypress/bp-groups/classes/class-bp-rest-attachments-group-cover-endpoint.php on line 75

2023-08-29T10:30:41+00:00 CRITICAL Allowed memory size of 134217728 bytes exhausted (tried to allocate 65536 bytes) in /home/hyprojec/makalink.com/wp-content/plugins/buddypress/bp-groups/classes/class-bp-rest-attachments-group-cover-endpoint.php on line 75

2023-08-29T10:35:25+00:00 CRITICAL Allowed memory size of 134217728 bytes exhausted (tried to allocate 65536 bytes) in /home/hyprojec/makalink.com/wp-content/plugins/buddypress/bp-groups/classes/class-bp-rest-attachments-group-cover-endpoint.php on line 242

2023-08-29T10:35:33+00:00 CRITICAL Allowed memory size of 134217728 bytes exhausted (tried to allocate 65536 bytes) in /home/hyprojec/makalink.com/wp-content/plugins/buddypress/bp-groups/classes/class-bp-rest-attachments-group-cover-endpoint.php on line 242

2023-08-29T10:35:41+00:00 CRITICAL Allowed memory size of 134217728 bytes exhausted (tried to allocate 65536 bytes) in /home/hyprojec/makalink.com/wp-content/plugins/buddypress/bp-groups/classes/class-bp-rest-attachments-group-cover-endpoint.php on line 75

2023-08-29T10:36:02+00:00 CRITICAL Allowed memory size of 134217728 bytes exhausted (tried to allocate 65536 bytes) in /home/hyprojec/makalink.com/wp-content/plugins/buddypress/bp-groups/classes/class-bp-rest-attachments-group-cover-endpoint.php on line 242

2023-08-29T10:36:18+00:00 CRITICAL Allowed memory size of 134217728 bytes exhausted (tried to allocate 65536 bytes) in /home/hyprojec/makalink.com/wp-content/plugins/buddypress/bp-groups/classes/class-bp-rest-attachments-group-cover-endpoint.php on line 242

2023-08-29T10:36:28+00:00 CRITICAL Allowed memory size of 134217728 bytes exhausted (tried to allocate 65536 bytes) in /home/hyprojec/makalink.com/wp-content/plugins/buddypress/bp-groups/classes/class-bp-rest-attachments-group-cover-endpoint.php on line 242

2023-08-29T11:12:52+00:00 CRITICAL Allowed memory size of 134217728 bytes exhausted (tried to allocate 49152 bytes) in /home/hyprojec/makalink.com/wp-content/plugins/buddypress/class-buddypress.php on line 718

2023-08-29T11:16:23+00:00 CRITICAL Allowed memory size of 134217728 bytes exhausted (tried to allocate 49152 bytes) in /home/hyprojec/makalink.com/wp-content/plugins/buddypress/class-buddypress.php on line 718

2023-08-29T11:18:44+00:00 CRITICAL Allowed memory size of 134217728 bytes exhausted (tried to allocate 40960 bytes) in /home/hyprojec/makalink.com/wp-content/plugins/svg-support/vendor/composer/ClassLoader.php on line 364

2023-08-29T11:19:35+00:00 CRITICAL Allowed memory size of 134217728 bytes exhausted (tried to allocate 20480 bytes) in /home/hyprojec/makalink.com/wp-content/plugins/buddypress/bp-groups/classes/class-bp-rest-attachments-group-avatar-endpoint.php on line 103

2023-08-29T11:19:37+00:00 CRITICAL Allowed memory size of 134217728 bytes exhausted (tried to allocate 65536 bytes) in /home/hyprojec/makalink.com/wp-content/plugins/buddypress/bp-groups/classes/class-bp-rest-attachments-group-cover-endpoint.php on line 18

2023-08-29T11:19:38+00:00 CRITICAL Allowed memory size of 134217728 bytes exhausted (tried to allocate 65536 bytes) in /home/hyprojec/makalink.com/wp-content/plugins/buddypress/bp-groups/classes/class-bp-rest-attachments-group-cover-endpoint.php on line 18

2023-08-29T11:19:39+00:00 CRITICAL Allowed memory size of 134217728 bytes exhausted (tried to allocate 65536 bytes) in /home/hyprojec/makalink.com/wp-content/plugins/buddypress/bp-groups/classes/class-bp-rest-attachments-group-cover-endpoint.php on line 242

2023-08-29T11:45:29+00:00 CRITICAL Allowed memory size of 134217728 bytes exhausted (tried to allocate 65536 bytes) in /home/hyprojec/makalink.com/wp-content/plugins/buddypress/bp-groups/classes/class-bp-rest-attachments-group-cover-endpoint.php on line 242

2023-08-29T11:45:31+00:00 CRITICAL Allowed memory size of 134217728 bytes exhausted (tried to allocate 65536 bytes) in /home/hyprojec/makalink.com/wp-content/plugins/buddypress/bp-groups/classes/class-bp-rest-attachments-group-cover-endpoint.php on line 242

2023-08-29T11:48:53+00:00 CRITICAL Allowed memory size of 134217728 bytes exhausted (tried to allocate 65536 bytes) in /home/hyprojec/makalink.com/wp-content/plugins/buddypress/bp-groups/classes/class-bp-rest-attachments-group-cover-endpoint.php on line 242

2023-08-29T11:48:55+00:00 CRITICAL Allowed memory size of 134217728 bytes exhausted (tried to allocate 65536 bytes) in /home/hyprojec/makalink.com/wp-content/plugins/buddypress/bp-groups/classes/class-bp-rest-attachments-group-cover-endpoint.php on line 18

2023-08-29T11:48:55+00:00 CRITICAL Allowed memory size of 134217728 bytes exhausted (tried to allocate 16384 bytes) in /home/hyprojec/makalink.com/wp-content/plugins/buddypress/bp-groups/classes/class-bp-rest-attachments-group-avatar-endpoint.php on line 256

2023-08-29T11:50:06+00:00 CRITICAL Allowed memory size of 134217728 bytes exhausted (tried to allocate 65536 bytes) in /home/hyprojec/makalink.com/wp-content/plugins/buddypress/bp-groups/classes/class-bp-rest-attachments-group-cover-endpoint.php on line 242

2023-08-29T12:09:49+00:00 CRITICAL Allowed memory size of 134217728 bytes exhausted (tried to allocate 65536 bytes) in /home/hyprojec/makalink.com/wp-content/plugins/buddypress/bp-groups/classes/class-bp-rest-attachments-group-cover-endpoint.php on line 75

2023-08-29T12:09:54+00:00 CRITICAL Allowed memory size of 134217728 bytes exhausted (tried to allocate 49152 bytes) in /home/hyprojec/makalink.com/wp-content/plugins/buddypress/class-buddypress.php on line 718

2023-08-29T12:11:00+00:00 CRITICAL Allowed memory size of 134217728 bytes exhausted (tried to allocate 65536 bytes) in /home/hyprojec/makalink.com/wp-content/plugins/buddypress/bp-groups/classes/class-bp-rest-attachments-group-cover-endpoint.php on line 242

2023-08-29T12:11:03+00:00 CRITICAL Allowed memory size of 134217728 bytes exhausted (tried to allocate 65536 bytes) in /home/hyprojec/makalink.com/wp-content/plugins/buddypress/bp-groups/classes/class-bp-rest-attachments-group-cover-endpoint.php on line 242

2023-08-29T12:11:03+00:00 CRITICAL Allowed memory size of 134217728 bytes exhausted (tried to allocate 65536 bytes) in /home/hyprojec/makalink.com/wp-content/plugins/buddypress/bp-groups/classes/class-bp-rest-attachments-group-cover-endpoint.php on line 18

2023-08-29T12:11:04+00:00 CRITICAL Allowed memory size of 134217728 bytes exhausted (tried to allocate 65536 bytes) in /home/hyprojec/makalink.com/wp-content/plugins/buddypress/bp-groups/classes/class-bp-rest-attachments-group-cover-endpoint.php on line 18

2023-08-29T12:11:05+00:00 CRITICAL Allowed memory size of 134217728 bytes exhausted (tried to allocate 65536 bytes) in /home/hyprojec/makalink.com/wp-content/plugins/buddypress/bp-groups/classes/class-bp-rest-attachments-group-cover-endpoint.php on line 242

2023-08-29T12:11:14+00:00 CRITICAL Allowed memory size of 134217728 bytes exhausted (tried to allocate 65536 bytes) in /home/hyprojec/makalink.com/wp-content/plugins/buddypress/bp-groups/classes/class-bp-rest-attachments-group-cover-endpoint.php on line 242

2023-08-29T12:11:16+00:00 CRITICAL Allowed memory size of 134217728 bytes exhausted (tried to allocate 65536 bytes) in /home/hyprojec/makalink.com/wp-content/plugins/buddypress/bp-groups/classes/class-bp-rest-attachments-group-cover-endpoint.php on line 242

2023-08-29T13:16:55+00:00 CRITICAL Allowed memory size of 134217728 bytes exhausted (tried to allocate 32768 bytes) in /home/hyprojec/makalink.com/wp-content/plugins/buddypress/bp-groups/classes/class-bp-rest-group-invites-endpoint.php on line 1

